<?xml version="1.0" encoding="UTF-8"?>
<!-- Generated by org.testng.reporters.JUnitReportReporter -->
<testsuite hostname="DESKTOP-T1HO9OQ" failures="0" tests="5" name="test.Test2" time="0.005" errors="0" timestamp="2020-07-13T23:11:25 CEST" skipped="0">
  <testcase classname="test.Test2" name="test2Method2" time="0.001"/>
  <system-out/>
  <testcase classname="test.Test2" name="test2Method3" time="0.000"/>
  <system-out/>
  <testcase classname="test.Test2" name="test2Method3" time="0.001"/>
  <system-out/>
  <testcase classname="test.Test2" name="test2Method1" time="0.002"/>
  <system-out/>
  <testcase classname="test.Test2" name="test2Method3" time="0.001"/>
  <system-out/>
</testsuite> <!-- test.Test2 -->
