<?xml version="1.0" encoding="UTF-8"?>
<!-- Generated by org.testng.reporters.JUnitReportReporter -->
<testsuite hostname="DESKTOP-T1HO9OQ" failures="0" tests="2" name="test.Test1" time="0.009" errors="0" timestamp="2020-07-14T14:06:59 CEST" skipped="0">
  <testcase classname="test.Test1" name="test1Method1" time="0.008"/>
  <system-out/>
  <testcase classname="test.Test1" name="test1Method2" time="0.001"/>
  <system-out/>
</testsuite> <!-- test.Test1 -->
